Build started 5/30/2012 1:28:46 AM.
     1>Project "D:\Users\Jonlew\Documents\GitHub\CMPS164\gameEngine\gameEngine\gameEngine.vcxproj" on node 2 (build target(s)).
     1>InitializeBuildStatus:
         Creating "Debug\gameEngine.unsuccessfulbuild" because "AlwaysCreate" was specified.
       ClCompile:
         C:\Program Files (x86)\Microsoft Visual Studio 10.0\VC\bin\CL.exe /c /ZI /nologo /W3 /WX- /Od /Oy- /D WIN32 /D _DEBUG /D _CONSOLE /D _UNICODE /D UNICODE /Gm /EHsc /RTC1 /MDd /GS /fp:precise /Zc:wchar_t /Zc:forScope /Fo"Debug\\" /Fd"Debug\vc100.pdb" /Gd /TP /analyze- /errorReport:prompt HUD.cpp
         HUD.cpp
     1>d:\users\jonlew\documents\github\cmps164\gameengine\gameengine\util.h(27): warning C4305: 'initializing' : truncation from 'double' to 'const float'
     1>d:\users\jonlew\documents\github\cmps164\gameengine\gameengine\util.h(35): warning C4305: 'initializing' : truncation from 'double' to 'const float'
       ManifestResourceCompile:
         All outputs are up-to-date.
       Link:
         C:\Program Files (x86)\Microsoft Visual Studio 10.0\VC\bin\link.exe /ERRORREPORT:PROMPT /OUT:"D:\Users\Jonlew\Documents\GitHub\CMPS164\gameEngine\Debug\gameEngine.exe" /INCREMENTAL /NOLOGO kernel32.lib user32.lib gdi32.lib winspool.lib comdlg32.lib advapi32.lib shell32.lib ole32.lib oleaut32.lib uuid.lib odbc32.lib odbccp32.lib /MANIFEST /ManifestFile:"Debug\gameEngine.exe.intermediate.manifest" /MANIFESTUAC:"level='asInvoker' uiAccess='false'" /DEBUG /PDB:"D:\Users\Jonlew\Documents\GitHub\CMPS164\gameEngine\Debug\gameEngine.pdb" /SUBSYSTEM:CONSOLE /TLBID:1 /DYNAMICBASE /NXCOMPAT /IMPLIB:"D:\Users\Jonlew\Documents\GitHub\CMPS164\gameEngine\Debug\gameEngine.lib" /MACHINE:X86 Debug\gameEngine.exe.embed.manifest.res
         Debug\ball.obj
         Debug\Course.obj
         Debug\HUD.obj
         Debug\Plane.obj
         Debug\cup.obj
         Debug\mmanager.obj
         Debug\Timer.obj
         Debug\vec3f.obj
         Debug\fileReader.obj
         Debug\GameObject.obj
         Debug\level.obj
         Debug\Logger.obj
         Debug\main.obj
         Debug\PhysicsManager.obj
         Debug\renderManager.obj
         Debug\Simulated.obj
         Debug\tee.obj
         Debug\tile.obj
         Debug\Wall.obj
       Manifest:
         C:\Program Files (x86)\Microsoft SDKs\Windows\v7.0A\bin\mt.exe /nologo /verbose /out:"Debug\gameEngine.exe.embed.manifest" /manifest Debug\gameEngine.exe.intermediate.manifest
         All outputs are up-to-date.
       LinkEmbedManifest:
         All outputs are up-to-date.
         gameEngine.vcxproj -> D:\Users\Jonlew\Documents\GitHub\CMPS164\gameEngine\Debug\gameEngine.exe
       FinalizeBuildStatus:
         Deleting file "Debug\gameEngine.unsuccessfulbuild".
         Touching "Debug\gameEngine.lastbuildstate".
     1>Done Building Project "D:\Users\Jonlew\Documents\GitHub\CMPS164\gameEngine\gameEngine\gameEngine.vcxproj" (build target(s)).

Build succeeded.

Time Elapsed 00:00:01.34
